<?xml version="1.0" encoding="UTF-8"?>
<testsuite name="io.diastereomer.gatling.AbstractUnmodifiableObjectPoolTest" tests="5" skipped="0" failures="0" errors="0" timestamp="2024-01-24T02:21:50" hostname="DV-K9X30WD2QV" time="0.273">
  <properties/>
  <testcase name="shouldClear()" classname="io.diastereomer.gatling.AbstractUnmodifiableObjectPoolTest" time="0.027"/>
  <testcase name="shouldEqual()" classname="io.diastereomer.gatling.AbstractUnmodifiableObjectPoolTest" time="0.001"/>
  <testcase name="shouldCopy()" classname="io.diastereomer.gatling.AbstractUnmodifiableObjectPoolTest" time="0.007"/>
  <testcase name="shouldGCRemove()" classname="io.diastereomer.gatling.AbstractUnmodifiableObjectPoolTest" time="0.219"/>
  <testcase name="shouldGetProfileSet()" classname="io.diastereomer.gatling.AbstractUnmodifiableObjectPoolTest" time="0.006"/>
  <system-out><![CDATA[]]></system-out>
  <system-err><![CDATA[]]></system-err>
</testsuite>
